<?xml version="1.0" ?>
<coverage branch-rate="0" branches-covered="0" branches-valid="0" complexity="0" line-rate="0.8591" lines-covered="250" lines-valid="291" timestamp="1559472908756" version="4.5.2">
	<!-- Generated by coverage.py: https://coverage.readthedocs.io -->
	<!-- Based on https://raw.githubusercontent.com/cobertura/web/master/htdocs/xml/coverage-04.dtd -->
	<sources>
		<source>/Users/lucacappelletti/github/setup_python_package</source>
	</sources>
	<packages>
		<package branch-rate="0" complexity="0" line-rate="0.8551" name="setup_python_package">
			<classes>
				<class branch-rate="0" complexity="0" filename="setup_python_package/__init__.py" line-rate="1" name="__init__.py">
					<methods/>
					<lines>
						<line hits="1" number="1"/>
						<line hits="1" number="3"/>
					</lines>
				</class>
				<class branch-rate="0" complexity="0" filename="setup_python_package/__version__.py" line-rate="1" name="__version__.py">
					<methods/>
					<lines>
						<line hits="1" number="2"/>
					</lines>
				</class>
				<class branch-rate="0" complexity="0" filename="setup_python_package/setup_python_package.py" line-rate="0.8536" name="setup_python_package.py">
					<methods/>
					<lines>
						<line hits="1" number="1"/>
						<line hits="1" number="2"/>
						<line hits="1" number="3"/>
						<line hits="1" number="4"/>
						<line hits="1" number="5"/>
						<line hits="1" number="6"/>
						<line hits="1" number="7"/>
						<line hits="1" number="8"/>
						<line hits="1" number="9"/>
						<line hits="1" number="10"/>
						<line hits="1" number="11"/>
						<line hits="1" number="12"/>
						<line hits="1" number="13"/>
						<line hits="1" number="14"/>
						<line hits="1" number="16"/>
						<line hits="1" number="17"/>
						<line hits="1" number="18"/>
						<line hits="1" number="21"/>
						<line hits="1" number="22"/>
						<line hits="1" number="23"/>
						<line hits="1" number="24"/>
						<line hits="1" number="25"/>
						<line hits="1" number="26"/>
						<line hits="1" number="30"/>
						<line hits="1" number="32"/>
						<line hits="1" number="33"/>
						<line hits="1" number="34"/>
						<line hits="1" number="39"/>
						<line hits="1" number="40"/>
						<line hits="1" number="41"/>
						<line hits="1" number="42"/>
						<line hits="1" number="43"/>
						<line hits="1" number="44"/>
						<line hits="1" number="45"/>
						<line hits="1" number="46"/>
						<line hits="1" number="52"/>
						<line hits="1" number="53"/>
						<line hits="1" number="54"/>
						<line hits="1" number="55"/>
						<line hits="1" number="56"/>
						<line hits="0" number="57"/>
						<line hits="0" number="58"/>
						<line hits="1" number="61"/>
						<line hits="0" number="62"/>
						<line hits="1" number="64"/>
						<line hits="0" number="65"/>
						<line hits="1" number="69"/>
						<line hits="1" number="70"/>
						<line hits="1" number="72"/>
						<line hits="1" number="73"/>
						<line hits="0" number="74"/>
						<line hits="0" number="75"/>
						<line hits="0" number="76"/>
						<line hits="0" number="77"/>
						<line hits="0" number="78"/>
						<line hits="1" number="83"/>
						<line hits="1" number="84"/>
						<line hits="1" number="91"/>
						<line hits="1" number="92"/>
						<line hits="1" number="93"/>
						<line hits="0" number="94"/>
						<line hits="0" number="95"/>
						<line hits="1" number="96"/>
						<line hits="1" number="97"/>
						<line hits="1" number="98"/>
						<line hits="1" number="100"/>
						<line hits="1" number="106"/>
						<line hits="1" number="107"/>
						<line hits="1" number="108"/>
						<line hits="0" number="109"/>
						<line hits="0" number="110"/>
						<line hits="1" number="111"/>
						<line hits="1" number="112"/>
						<line hits="1" number="113"/>
						<line hits="1" number="115"/>
						<line hits="1" number="121"/>
						<line hits="1" number="122"/>
						<line hits="1" number="128"/>
						<line hits="1" number="129"/>
						<line hits="1" number="137"/>
						<line hits="1" number="138"/>
						<line hits="1" number="145"/>
						<line hits="1" number="146"/>
						<line hits="1" number="147"/>
						<line hits="1" number="154"/>
						<line hits="1" number="155"/>
						<line hits="1" number="162"/>
						<line hits="1" number="163"/>
						<line hits="1" number="166"/>
						<line hits="1" number="167"/>
						<line hits="1" number="168"/>
						<line hits="1" number="169"/>
						<line hits="0" number="170"/>
						<line hits="0" number="171"/>
						<line hits="1" number="174"/>
						<line hits="1" number="175"/>
						<line hits="1" number="180"/>
						<line hits="1" number="181"/>
						<line hits="1" number="182"/>
						<line hits="1" number="183"/>
						<line hits="1" number="186"/>
						<line hits="1" number="187"/>
						<line hits="1" number="188"/>
						<line hits="1" number="189"/>
						<line hits="1" number="192"/>
						<line hits="1" number="193"/>
						<line hits="1" number="196"/>
						<line hits="1" number="197"/>
						<line hits="1" number="198"/>
						<line hits="1" number="199"/>
						<line hits="1" number="201"/>
						<line hits="1" number="202"/>
						<line hits="1" number="203"/>
						<line hits="1" number="204"/>
						<line hits="1" number="206"/>
						<line hits="1" number="207"/>
						<line hits="1" number="208"/>
						<line hits="1" number="209"/>
						<line hits="1" number="210"/>
						<line hits="1" number="213"/>
						<line hits="1" number="214"/>
						<line hits="0" number="215"/>
						<line hits="1" number="216"/>
						<line hits="1" number="217"/>
						<line hits="1" number="218"/>
						<line hits="1" number="219"/>
						<line hits="1" number="220"/>
						<line hits="1" number="222"/>
						<line hits="1" number="223"/>
						<line hits="1" number="224"/>
						<line hits="1" number="234"/>
						<line hits="1" number="235"/>
						<line hits="1" number="236"/>
						<line hits="1" number="237"/>
						<line hits="1" number="238"/>
						<line hits="1" number="247"/>
						<line hits="1" number="248"/>
						<line hits="1" number="249"/>
						<line hits="1" number="250"/>
						<line hits="1" number="260"/>
						<line hits="1" number="261"/>
						<line hits="1" number="264"/>
						<line hits="1" number="265"/>
						<line hits="1" number="269"/>
						<line hits="0" number="270"/>
						<line hits="0" number="271"/>
						<line hits="0" number="272"/>
						<line hits="0" number="273"/>
						<line hits="1" number="275"/>
						<line hits="1" number="281"/>
						<line hits="1" number="282"/>
						<line hits="1" number="285"/>
						<line hits="1" number="286"/>
						<line hits="0" number="287"/>
						<line hits="0" number="288"/>
						<line hits="0" number="289"/>
						<line hits="1" number="291"/>
						<line hits="1" number="292"/>
						<line hits="1" number="293"/>
						<line hits="1" number="294"/>
						<line hits="1" number="295"/>
						<line hits="1" number="296"/>
						<line hits="1" number="302"/>
						<line hits="1" number="303"/>
						<line hits="1" number="305"/>
						<line hits="1" number="306"/>
						<line hits="1" number="308"/>
						<line hits="1" number="309"/>
						<line hits="1" number="310"/>
						<line hits="0" number="311"/>
						<line hits="1" number="312"/>
						<line hits="1" number="313"/>
						<line hits="1" number="314"/>
						<line hits="0" number="315"/>
						<line hits="0" number="316"/>
						<line hits="0" number="317"/>
						<line hits="1" number="319"/>
						<line hits="1" number="320"/>
						<line hits="1" number="322"/>
						<line hits="1" number="323"/>
						<line hits="1" number="327"/>
						<line hits="1" number="330"/>
						<line hits="1" number="331"/>
						<line hits="1" number="332"/>
						<line hits="1" number="333"/>
						<line hits="1" number="335"/>
						<line hits="1" number="340"/>
						<line hits="1" number="346"/>
						<line hits="1" number="347"/>
						<line hits="1" number="349"/>
						<line hits="1" number="350"/>
						<line hits="1" number="352"/>
						<line hits="1" number="353"/>
						<line hits="1" number="354"/>
						<line hits="1" number="355"/>
						<line hits="1" number="356"/>
						<line hits="1" number="358"/>
						<line hits="1" number="359"/>
						<line hits="1" number="360"/>
						<line hits="1" number="364"/>
						<line hits="1" number="365"/>
						<line hits="1" number="366"/>
						<line hits="1" number="367"/>
						<line hits="1" number="369"/>
						<line hits="1" number="370"/>
						<line hits="1" number="371"/>
						<line hits="1" number="372"/>
						<line hits="1" number="373"/>
						<line hits="1" number="374"/>
						<line hits="1" number="376"/>
						<line hits="1" number="377"/>
						<line hits="1" number="378"/>
						<line hits="0" number="379"/>
						<line hits="1" number="380"/>
						<line hits="1" number="381"/>
						<line hits="1" number="382"/>
						<line hits="0" number="383"/>
						<line hits="0" number="384"/>
						<line hits="0" number="385"/>
						<line hits="1" number="386"/>
						<line hits="1" number="387"/>
						<line hits="1" number="388"/>
						<line hits="1" number="392"/>
						<line hits="1" number="394"/>
						<line hits="1" number="395"/>
						<line hits="1" number="396"/>
						<line hits="1" number="397"/>
						<line hits="1" number="398"/>
						<line hits="1" number="404"/>
						<line hits="1" number="405"/>
						<line hits="1" number="406"/>
						<line hits="1" number="407"/>
						<line hits="1" number="408"/>
						<line hits="1" number="415"/>
						<line hits="1" number="416"/>
						<line hits="1" number="418"/>
						<line hits="1" number="419"/>
						<line hits="0" number="420"/>
						<line hits="0" number="421"/>
						<line hits="0" number="422"/>
						<line hits="1" number="425"/>
						<line hits="1" number="426"/>
						<line hits="1" number="427"/>
						<line hits="1" number="428"/>
						<line hits="1" number="429"/>
						<line hits="1" number="430"/>
						<line hits="1" number="431"/>
						<line hits="1" number="432"/>
						<line hits="1" number="433"/>
						<line hits="1" number="434"/>
						<line hits="1" number="435"/>
						<line hits="1" number="436"/>
						<line hits="1" number="437"/>
						<line hits="1" number="438"/>
						<line hits="1" number="439"/>
						<line hits="1" number="440"/>
						<line hits="1" number="441"/>
						<line hits="1" number="442"/>
						<line hits="1" number="443"/>
						<line hits="1" number="444"/>
						<line hits="1" number="445"/>
						<line hits="1" number="446"/>
						<line hits="0" number="447"/>
						<line hits="1" number="448"/>
						<line hits="1" number="449"/>
						<line hits="1" number="453"/>
						<line hits="1" number="454"/>
						<line hits="0" number="455"/>
						<line hits="0" number="456"/>
						<line hits="1" number="457"/>
						<line hits="1" number="458"/>
						<line hits="1" number="459"/>
						<line hits="1" number="465"/>
						<line hits="1" number="466"/>
						<line hits="1" number="467"/>
						<line hits="1" number="468"/>
						<line hits="0" number="469"/>
						<line hits="0" number="470"/>
						<line hits="0" number="471"/>
						<line hits="0" number="472"/>
					</lines>
				</class>
			</classes>
		</package>
		<package branch-rate="0" complexity="0" line-rate="1" name="tests">
			<classes>
				<class branch-rate="0" complexity="0" filename="tests/__init__.py" line-rate="1" name="__init__.py">
					<methods/>
					<lines/>
				</class>
				<class branch-rate="0" complexity="0" filename="tests/test_import.py" line-rate="1" name="test_import.py">
					<methods/>
					<lines>
						<line hits="1" number="1"/>
					</lines>
				</class>
				<class branch-rate="0" complexity="0" filename="tests/test_spp.py" line-rate="1" name="test_spp.py">
					<methods/>
					<lines>
						<line hits="1" number="1"/>
						<line hits="1" number="3"/>
						<line hits="1" number="4"/>
					</lines>
				</class>
				<class branch-rate="0" complexity="0" filename="tests/test_version.py" line-rate="1" name="test_version.py">
					<methods/>
					<lines>
						<line hits="1" number="1"/>
						<line hits="1" number="2"/>
						<line hits="1" number="4"/>
						<line hits="1" number="5"/>
					</lines>
				</class>
			</classes>
		</package>
	</packages>
</coverage>
